[0.009s] Invoking command in '/bumperbot_ws/build/bumperbot_planning': /usr/bin/cmake --build /bumperbot_ws/build/bumperbot_planning -- -j16 -l16
[0.025s] -- Found ament_cmake: 2.5.4 (/opt/ros/jazzy/share/ament_cmake/cmake)
[0.123s] Traceback (most recent call last):
[0.123s]   File "/opt/ros/jazzy/share/ament_cmake_core/cmake/package_templates/templates_2_cmake.py", line 21, in <module>
[0.123s]     from ament_package.templates import get_environment_hook_template_path
[0.123s] ModuleNotFoundError: No module named 'ament_package'
[0.125s] CMake Error at /opt/ros/jazzy/share/ament_cmake_core/cmake/ament_cmake_package_templates-extras.cmake:41 (message):
[0.125s]   execute_process(/usr/bin/python3
[0.125s]   /opt/ros/jazzy/share/ament_cmake_core/cmake/package_templates/templates_2_cmake.py
[0.125s]   /bumperbot_ws/build/bumperbot_planning/ament_cmake_package_templates/templates.cmake)
[0.126s]   returned error code 1
[0.126s] Call Stack (most recent call first):
[0.126s]   /opt/ros/jazzy/share/ament_cmake_core/cmake/ament_cmake_coreConfig.cmake:41 (include)
[0.126s]   /opt/ros/jazzy/share/ament_cmake/cmake/ament_cmake_export_dependencies-extras.cmake:15 (find_package)
[0.126s]   /opt/ros/jazzy/share/ament_cmake/cmake/ament_cmakeConfig.cmake:41 (include)
[0.126s]   CMakeLists.txt:8 (find_package)
[0.126s] 
[0.126s] 
[0.126s] -- Configuring incomplete, errors occurred!
[0.127s] gmake: *** [Makefile:336: cmake_check_build_system] Error 1
[0.132s] Invoked command in '/bumperbot_ws/build/bumperbot_planning' returned '2': /usr/bin/cmake --build /bumperbot_ws/build/bumperbot_planning -- -j16 -l16
